<?xml version="1.0" encoding="UTF-8"?>
<!-- Generated by org.testng.reporters.JUnitXMLReporter -->
<testsuite ignored="0" hostname="LAPTOP-E4QM1CCI" failures="0" tests="3" name="Default test" time="11.664" errors="0" timestamp="17 Apr 2022 05:37:00 GMT">
  <testcase classname="com.qa.opencart.tests.Registrationpagetest" name="userRegistrationTest" time="2.363"/>
  <testcase classname="com.qa.opencart.tests.Registrationpagetest" name="userRegistrationTest" time="3.824"/>
  <testcase classname="com.qa.opencart.tests.Registrationpagetest" name="userRegistrationTest" time="2.322"/>
</testsuite> <!-- Default test -->
