<?xml version="1.0" encoding="UTF-8"?>
<testng-results ignored="0" total="3" passed="3" failed="0" skipped="0">
  <reporter-output>
  </reporter-output>
  <suite started-at="2022-04-17T05:36:48Z" name="Default suite" finished-at="2022-04-17T05:37:00Z" duration-ms="11664">
    <groups>
    </groups>
    <test started-at="2022-04-17T05:36:48Z" name="Default test" finished-at="2022-04-17T05:37:00Z" duration-ms="11664">
      <class name="com.qa.opencart.tests.Registrationpagetest">
        <test-method is-config="true" signature="setup()[pri:0, instance:com.qa.opencart.tests.Registrationpagetest@776b83cc]" started-at="2022-04-17T05:36:48Z" name="setup" finished-at="2022-04-17T05:36:51Z" duration-ms="2382" status="PASS">
          <reporter-output>
          </reporter-output>
        </test-method> <!-- setup -->
        <test-method is-config="true" signature="regPageSetup()[pri:0, instance:com.qa.opencart.tests.Registrationpagetest@776b83cc]" started-at="2022-04-17T05:36:51Z" name="regPageSetup" finished-at="2022-04-17T05:36:51Z" duration-ms="621" status="PASS">
          <reporter-output>
          </reporter-output>
        </test-method> <!-- regPageSetup -->
        <test-method signature="userRegistrationTest(java.lang.String, java.lang.String, java.lang.String, java.lang.String, java.lang.String)[pri:0, instance:com.qa.opencart.tests.Registrationpagetest@776b83cc]" started-at="2022-04-17T05:36:51Z" name="userRegistrationTest" data-provider="getRegisterData" finished-at="2022-04-17T05:36:54Z" duration-ms="2363" status="PASS">
          <params>
            <param index="0">
              <value>
                <![CDATA[Nitest]]>
              </value>
            </param>
            <param index="1">
              <value>
                <![CDATA[Agarwal]]>
              </value>
            </param>
            <param index="2">
              <value>
                <![CDATA[7676543456]]>
              </value>
            </param>
            <param index="3">
              <value>
                <![CDATA[nitest@123]]>
              </value>
            </param>
            <param index="4">
              <value>
                <![CDATA[yes]]>
              </value>
            </param>
          </params>
          <reporter-output>
          </reporter-output>
        </test-method> <!-- userRegistrationTest -->
        <test-method signature="userRegistrationTest(java.lang.String, java.lang.String, java.lang.String, java.lang.String, java.lang.String)[pri:0, instance:com.qa.opencart.tests.Registrationpagetest@776b83cc]" started-at="2022-04-17T05:36:54Z" name="userRegistrationTest" data-provider="getRegisterData" finished-at="2022-04-17T05:36:57Z" duration-ms="3824" status="PASS">
          <params>
            <param index="0">
              <value>
                <![CDATA[Anu]]>
              </value>
            </param>
            <param index="1">
              <value>
                <![CDATA[Kamath]]>
              </value>
            </param>
            <param index="2">
              <value>
                <![CDATA[7676543488]]>
              </value>
            </param>
            <param index="3">
              <value>
                <![CDATA[anu@123]]>
              </value>
            </param>
            <param index="4">
              <value>
                <![CDATA[no]]>
              </value>
            </param>
          </params>
          <reporter-output>
          </reporter-output>
        </test-method> <!-- userRegistrationTest -->
        <test-method signature="userRegistrationTest(java.lang.String, java.lang.String, java.lang.String, java.lang.String, java.lang.String)[pri:0, instance:com.qa.opencart.tests.Registrationpagetest@776b83cc]" started-at="2022-04-17T05:36:57Z" name="userRegistrationTest" data-provider="getRegisterData" finished-at="2022-04-17T05:37:00Z" duration-ms="2322" status="PASS">
          <params>
            <param index="0">
              <value>
                <![CDATA[Gagan]]>
              </value>
            </param>
            <param index="1">
              <value>
                <![CDATA[Tyagi]]>
              </value>
            </param>
            <param index="2">
              <value>
                <![CDATA[7676543499]]>
              </value>
            </param>
            <param index="3">
              <value>
                <![CDATA[gagan@123]]>
              </value>
            </param>
            <param index="4">
              <value>
                <![CDATA[yes]]>
              </value>
            </param>
          </params>
          <reporter-output>
          </reporter-output>
        </test-method> <!-- userRegistrationTest -->
        <test-method is-config="true" signature="teardown()[pri:0, instance:com.qa.opencart.tests.Registrationpagetest@776b83cc]" started-at="2022-04-17T05:37:00Z" name="teardown" finished-at="2022-04-17T05:37:00Z" duration-ms="129" status="PASS">
          <reporter-output>
          </reporter-output>
        </test-method> <!-- teardown -->
      </class> <!-- com.qa.opencart.tests.Registrationpagetest -->
    </test> <!-- Default test -->
  </suite> <!-- Default suite -->
</testng-results>
